Log file open, 11/11/23 21:56:47
LogICUInternationalization: ICU TimeZone Detection - Raw Offset: -5:00, Platform Override: ''
LogInit: ExecutableName: CrashReportClient
LogInit: Build: ++UE5+Release-5.3-CL-28051148
LogInit: Engine Version: 5.3.1-28051148+++UE5+Release-5.3
LogInit: Compatible Engine Version: 5.3.0-27405482+++UE5+Release-5.3
LogInit: Net CL: 26909020
LogInit: OS: Ubuntu 23.10 (6.5.0-10-generic), CPU: AMD Ryzen 9 5900X 12-Core Processor, GPU: NVIDIA GeForce RTX 2070 (NVIDIA UNIX x86_64 Kernel Module  535.129.03  Thu Oct 19 18:56:32 UTC 2023)
LogInit: Compiled (64-bit): Sep 21 2023 04:42:17
LogInit: Architecture: x64
LogInit: Compiled with Clang: 16.0.6 (github.com/llvm/llvm-project 7cbf1a2591520c2491aa35339f227775f4d3adf6)
LogInit: Build Configuration: Shipping
LogInit: Branch Name: ++UE5+Release-5.3
LogInit: Command Line:  -Abslog="/home/spencer/Documents/Unreal Projects/CSC281/CSC281/Saved/Logs/CSC281-CRC.log" "/home/spencer/Documents/Unreal Projects/CSC281/CSC281/Saved/Crashes/crashinfo-CSC281-pid-250277-A498A8B5A2124280ADD972D7B7BA7C07/"
LogInit: Base Directory: /home/spencer/Documents/Unreal Engine 5.3.1/Engine/Binaries/Linux/
LogInit: Allocator: Mimalloc
LogInit: Installed Engine Build: 1
LogInit: This binary is optimized with LTO: no, PGO: no, instrumented for PGO data collection: no
LogInit: Presizing for max 100000 objects, including 0 objects not considered by GC, pre-allocating 0 bytes for permanent pool.
LogInit: Object subsystem initialized
[2023.11.12-02.56.47:089][  0]LogConfig: Applying CVar settings from Section [ConsoleVariables] File [Engine]
[2023.11.12-02.56.47:089][  0]LogInit: Unix hardware info:
[2023.11.12-02.56.47:089][  0]LogInit:  - we are not the first instance of this executable
[2023.11.12-02.56.47:089][  0]LogInit:  - this process' id (pid) is 257618, parent process' id (ppid) is 250277
[2023.11.12-02.56.47:089][  0]LogInit:  - we are not running under debugger
[2023.11.12-02.56.47:089][  0]LogInit:  - machine network name is 'spencer-1-0'
[2023.11.12-02.56.47:089][  0]LogInit:  - user name is 'spencer' (spencer)
[2023.11.12-02.56.47:089][  0]LogInit:  - we're logged in locally
[2023.11.12-02.56.47:089][  0]LogInit:  - we're running with rendering
[2023.11.12-02.56.47:089][  0]LogInit:  - CPU: AuthenticAMD 'AMD Ryzen 9 5900X 12-Core Processor' (signature: 0xA20F10)
[2023.11.12-02.56.47:089][  0]LogInit:  - Number of physical cores available for the process: 12
[2023.11.12-02.56.47:089][  0]LogInit:  - Number of logical cores available for the process: 24
[2023.11.12-02.56.47:089][  0]LogInit:  - GPU Brand Info: NVIDIA GeForce RTX 2070 (NVIDIA UNIX x86_64 Kernel Module  535.129.03  Thu Oct 19 18:56:32 UTC 2023)
[2023.11.12-02.56.47:089][  0]LogInit:  - Memory allocator used: Mimalloc
[2023.11.12-02.56.47:089][  0]LogInit:  - This is an internal build.
[2023.11.12-02.56.47:089][  0]LogCore: Skipped benchmarking clocks because the engine is running in a standalone program mode - CLOCK_MONOTONIC will be used.
[2023.11.12-02.56.47:089][  0]LogInit: Unix-specific commandline switches:
[2023.11.12-02.56.47:089][  0]LogInit:  -ansimalloc - use malloc()/free() from libc (useful for tools like valgrind and electric fence)
[2023.11.12-02.56.47:089][  0]LogInit:  -jemalloc - use jemalloc for all memory allocation
[2023.11.12-02.56.47:089][  0]LogInit:  -binnedmalloc - use binned malloc  for all memory allocation
[2023.11.12-02.56.47:089][  0]LogInit:  -filemapcachesize=NUMBER - set the size for case-sensitive file mapping cache
[2023.11.12-02.56.47:089][  0]LogInit:  -useksm - uses kernel same-page mapping (KSM) for mapped memory (OFF)
[2023.11.12-02.56.47:089][  0]LogInit:  -ksmmergeall - marks all mmap'd memory pages suitable for KSM (OFF)
[2023.11.12-02.56.47:089][  0]LogInit:  -preloadmodulesymbols - Loads the main module symbols file into memory (OFF)
[2023.11.12-02.56.47:089][  0]LogInit:  -sigdfl=SIGNAL - Allows a specific signal to be set to its default handler rather then ignoring the signal
[2023.11.12-02.56.47:089][  0]LogInit:  -crashhandlerstacksize - Allows setting crash handler stack sizes (204800)
[2023.11.12-02.56.47:089][  0]LogInit:  -noexclusivelockonwrite - disables marking files created by the engine as exclusive locked while the engine has them opened
